{
  "stats": {
    "suites": 12,
    "tests": 41,
    "passes": 28,
    "pending": 0,
    "failures": 13,
    "start": "2022-08-04T22:41:24.756Z",
    "end": "2022-08-04T22:42:22.875Z",
    "duration": 58119,
    "testsRegistered": 41,
    "passPercent": 68.29268292682927,
    "pendingPercent": 0,
    "other": 0,
    "hasOther": false,
    "skipped": 0,
    "hasSkipped": false
  },
  "results": [
    {
      "uuid": "82279386-ed79-454c-8da0-bf62992a0c22",
      "title": "",
      "fullFile": "cypress/integration/project.spec.js",
      "file": "cypress/integration/project.spec.js",
      "beforeHooks": [],
      "afterHooks": [],
      "tests": [],
      "suites": [
        {
          "uuid": "c01c98a0-09b3-4488-975f-9f450e5cd955",
          "title": "1 - Adicione à página o título \"Paleta de Cores\"",
          "fullFile": "",
          "file": "",
          "beforeHooks": [],
          "afterHooks": [],
          "tests": [
            {
              "title": "Verifica se contém um elemento `h1` com o id `title` com o título correto",
              "fullTitle": "1 - Adicione à página o título \"Paleta de Cores\" Verifica se contém um elemento `h1` com o id `title` com o título correto",
              "timedOut": null,
              "duration": 170,
              "state": "passed",
              "speed": "slow",
              "pass": true,
              "fail": false,
              "pending": false,
              "context": null,
              "code": "cy.get('h1#title').should('contain.text', 'Paleta de Cores');",
              "err": {},
              "uuid": "92115293-4190-48f8-bda9-9b1062726e48",
              "parentUUID": "c01c98a0-09b3-4488-975f-9f450e5cd955",
              "isHook": false,
              "skipped": false
            }
          ],
          "suites": [],
          "passes": [
            "92115293-4190-48f8-bda9-9b1062726e48"
          ],
          "failures": [],
          "pending": [],
          "skipped": [],
          "duration": 170,
          "root": false,
          "rootEmpty": false,
          "_timeout": 2000
        },
        {
          "uuid": "8652b2b4-2ee7-4e0d-840d-04392c5e9f59",
          "title": "2 - Adicione à página uma paleta contendo quatro cores distintas",
          "fullFile": "",
          "file": "",
          "beforeHooks": [],
          "afterHooks": [],
          "tests": [
            {
              "title": "A paleta de cores deve ser um elemento com `id` denominado `color-palette` e ter mais de 0px de altura e de largura.",
              "fullTitle": "2 - Adicione à página uma paleta contendo quatro cores distintas A paleta de cores deve ser um elemento com `id` denominado `color-palette` e ter mais de 0px de altura e de largura.",
              "timedOut": null,
              "duration": 156,
              "state": "passed",
              "speed": "slow",
              "pass": true,
              "fail": false,
              "pending": false,
              "context": null,
              "code": "cy.get('#color-palette').should('be.visible');\ncy.get('#color-palette').children('.color');",
              "err": {},
              "uuid": "7c97c409-cd5a-4389-bbb7-c8332b132e2b",
              "parentUUID": "8652b2b4-2ee7-4e0d-840d-04392c5e9f59",
              "isHook": false,
              "skipped": false
            },
            {
              "title": "Verifica se cada cor individual da paleta de cores possui a `classe` chamada `color`.",
              "fullTitle": "2 - Adicione à página uma paleta contendo quatro cores distintas Verifica se cada cor individual da paleta de cores possui a `classe` chamada `color`.",
              "timedOut": null,
              "duration": 196,
              "state": "passed",
              "speed": "slow",
              "pass": true,
              "fail": false,
              "pending": false,
              "context": null,
              "code": "cy.get('.color').should('have.length', 4).then(function (colors) {\n  for (var i = 0; i < colors.length; i++) {\n    cy.wrap(colors[i]).should('be.visible');\n  }\n});",
              "err": {},
              "uuid": "863e7ea1-34cf-47c4-96d9-5ec4f088b82b",
              "parentUUID": "8652b2b4-2ee7-4e0d-840d-04392c5e9f59",
              "isHook": false,
              "skipped": false
            },
            {
              "title": "Verifica se a cor de fundo de cada elemento da paleta é a cor que o elemento representa. **A única cor não permitida na paleta é a cor branca.**",
              "fullTitle": "2 - Adicione à página uma paleta contendo quatro cores distintas Verifica se a cor de fundo de cada elemento da paleta é a cor que o elemento representa. **A única cor não permitida na paleta é a cor branca.**",
              "timedOut": null,
              "duration": 202,
              "state": "passed",
              "speed": "slow",
              "pass": true,
              "fail": false,
              "pending": false,
              "context": null,
              "code": "cy.get('.color').each(function (color) {\n  cy.wrap(color).should('have.class', 'color').and('not.have.css', 'background-color', WHITE);\n  cy.wrap(color).should('have.css', 'background-color');\n});",
              "err": {},
              "uuid": "301001d4-c94f-4880-93bb-4785d54c93de",
              "parentUUID": "8652b2b4-2ee7-4e0d-840d-04392c5e9f59",
              "isHook": false,
              "skipped": false
            },
            {
              "title": "Verifica se cada elemento da paleta de cores tem uma borda preta, sólida e com 1 pixel de largura;",
              "fullTitle": "2 - Adicione à página uma paleta contendo quatro cores distintas Verifica se cada elemento da paleta de cores tem uma borda preta, sólida e com 1 pixel de largura;",
              "timedOut": null,
              "duration": 129,
              "state": "passed",
              "speed": "slow",
              "pass": true,
              "fail": false,
              "pending": false,
              "context": null,
              "code": "cy.get('.color').each(function (color) {\n  cy.wrap(color).and('have.css', 'border', \"1px solid \".concat(BLACK)).and('have.class', 'color');\n});",
              "err": {},
              "uuid": "1ff15b87-e64b-4760-8d58-2c107504bee7",
              "parentUUID": "8652b2b4-2ee7-4e0d-840d-04392c5e9f59",
              "isHook": false,
              "skipped": false
            },
            {
              "title": "Verifica se a paleta lista todas as cores disponíveis para utilização, lado a lado.",
              "fullTitle": "2 - Adicione à página uma paleta contendo quatro cores distintas Verifica se a paleta lista todas as cores disponíveis para utilização, lado a lado.",
              "timedOut": null,
              "duration": 169,
              "state": "passed",
              "speed": "slow",
              "pass": true,
              "fail": false,
              "pending": false,
              "context": null,
              "code": "cy.get('.color').then(function (colors) {\n  for (var index = 1; index < colors.length; index += 1) {\n    var currentColor = colors[index];\n    var previousColor = colors[index - 1];\n    cy.wrap(currentColor).should('be.onTheRightOf', previousColor).and('be.horizontallyAlignedWith', previousColor);\n  }\n});",
              "err": {},
              "uuid": "637491f2-4d77-4649-8ba5-711dbc85b0cd",
              "parentUUID": "8652b2b4-2ee7-4e0d-840d-04392c5e9f59",
              "isHook": false,
              "skipped": false
            },
            {
              "title": "Verifica se a paleta de cores está posicionada abaixo do título 'Paleta de Cores'",
              "fullTitle": "2 - Adicione à página uma paleta contendo quatro cores distintas Verifica se a paleta de cores está posicionada abaixo do título 'Paleta de Cores'",
              "timedOut": null,
              "duration": 109,
              "state": "passed",
              "speed": "slow",
              "pass": true,
              "fail": false,
              "pending": false,
              "context": null,
              "code": "cy.get('h1#title').then(function (title) {\n  cy.get('#color-palette').should('be.belowOf', title);\n});",
              "err": {},
              "uuid": "87add670-2427-4566-bf66-479d17af040a",
              "parentUUID": "8652b2b4-2ee7-4e0d-840d-04392c5e9f59",
              "isHook": false,
              "skipped": false
            },
            {
              "title": "Verifica se a paleta de cores não contém cores repetidas.",
              "fullTitle": "2 - Adicione à página uma paleta contendo quatro cores distintas Verifica se a paleta de cores não contém cores repetidas.",
              "timedOut": null,
              "duration": 149,
              "state": "passed",
              "speed": "slow",
              "pass": true,
              "fail": false,
              "pending": false,
              "context": null,
              "code": "cy.get('.color').then(function (colors) {\n  var allColors = Array.from(colors).map(function (color) {\n    return Cypress.$(color).css('background-color');\n  });\n  cy.log(allColors);\n  var uniqColors = (0, _toConsumableArray2[\"default\"])(new Set(allColors));\n  cy.log(uniqColors);\n  expect(allColors.length).to.eq(uniqColors.length);\n});",
              "err": {},
              "uuid": "aaeaf806-a0f2-448f-968d-3a497d2ea175",
              "parentUUID": "8652b2b4-2ee7-4e0d-840d-04392c5e9f59",
              "isHook": false,
              "skipped": false
            }
          ],
          "suites": [],
          "passes": [
            "7c97c409-cd5a-4389-bbb7-c8332b132e2b",
            "863e7ea1-34cf-47c4-96d9-5ec4f088b82b",
            "301001d4-c94f-4880-93bb-4785d54c93de",
            "1ff15b87-e64b-4760-8d58-2c107504bee7",
            "637491f2-4d77-4649-8ba5-711dbc85b0cd",
            "87add670-2427-4566-bf66-479d17af040a",
            "aaeaf806-a0f2-448f-968d-3a497d2ea175"
          ],
          "failures": [],
          "pending": [],
          "skipped": [],
          "duration": 1110,
          "root": false,
          "rootEmpty": false,
          "_timeout": 2000
        },
        {
          "uuid": "9ea169ec-965d-46d6-833a-086b62f8624c",
          "title": "3 - Adicione a cor **preta** como a primeira cor da paleta de cores",
          "fullFile": "",
          "file": "",
          "beforeHooks": [],
          "afterHooks": [],
          "tests": [
            {
              "title": "Verifica se a primeira cor da paleta é preta",
              "fullTitle": "3 - Adicione a cor **preta** como a primeira cor da paleta de cores Verifica se a primeira cor da paleta é preta",
              "timedOut": null,
              "duration": 104,
              "state": "passed",
              "speed": "slow",
              "pass": true,
              "fail": false,
              "pending": false,
              "context": null,
              "code": "cy.get('.color').first().should('have.css', 'background-color', BLACK);",
              "err": {},
              "uuid": "78d660de-0f4a-4077-8e68-0aa2c314f1aa",
              "parentUUID": "9ea169ec-965d-46d6-833a-086b62f8624c",
              "isHook": false,
              "skipped": false
            },
            {
              "title": "Verifica se as demais cores podem ser escolhidas livremente.",
              "fullTitle": "3 - Adicione a cor **preta** como a primeira cor da paleta de cores Verifica se as demais cores podem ser escolhidas livremente.",
              "timedOut": null,
              "duration": 166,
              "state": "passed",
              "speed": "slow",
              "pass": true,
              "fail": false,
              "pending": false,
              "context": null,
              "code": "cy.get('.color').eq(1).should('not.have.css', 'background-color', BLACK);\ncy.get('.color').eq(1).should('not.have.css', 'background-color', WHITE);\ncy.get('.color').eq(1).should('not.have.css', 'background-color', 'rgba(0, 0, 0, 0)');\ncy.get('.color').eq(1).should('have.css', 'background-color');\ncy.get('.color').eq(2).should('not.have.css', 'background-color', BLACK);\ncy.get('.color').eq(2).should('not.have.css', 'background-color', WHITE);\ncy.get('.color').eq(2).should('not.have.css', 'background-color', 'rgba(0, 0, 0, 0)');\ncy.get('.color').eq(2).should('have.css', 'background-color');\ncy.get('.color').eq(3).should('not.have.css', 'background-color', BLACK);\ncy.get('.color').eq(3).should('not.have.css', 'background-color', WHITE);\ncy.get('.color').eq(3).should('not.have.css', 'background-color', 'rgba(0, 0, 0, 0)');\ncy.get('.color').eq(3).should('have.css', 'background-color');",
              "err": {},
              "uuid": "3576c756-7f38-4334-a78b-b46755def412",
              "parentUUID": "9ea169ec-965d-46d6-833a-086b62f8624c",
              "isHook": false,
              "skipped": false
            }
          ],
          "suites": [],
          "passes": [
            "78d660de-0f4a-4077-8e68-0aa2c314f1aa",
            "3576c756-7f38-4334-a78b-b46755def412"
          ],
          "failures": [],
          "pending": [],
          "skipped": [],
          "duration": 270,
          "root": false,
          "rootEmpty": false,
          "_timeout": 2000
        },
        {
          "uuid": "fdc4a9dd-a00e-4c43-a18d-339f1d8def25",
          "title": "4 - Adicione à página um quadro contendo 25 pixels",
          "fullFile": "",
          "file": "",
          "beforeHooks": [],
          "afterHooks": [],
          "tests": [
            {
              "title": "Verifica se o quadro de pixels possui o `id` denominado `pixel-board`",
              "fullTitle": "4 - Adicione à página um quadro contendo 25 pixels Verifica se o quadro de pixels possui o `id` denominado `pixel-board`",
              "timedOut": null,
              "duration": 4234,
              "state": "failed",
              "speed": null,
              "pass": false,
              "fail": true,
              "pending": false,
              "context": null,
              "code": "cy.get('#pixel-board').should('be.visible');",
              "err": {
                "message": "CypressError: Timed out retrying: expected '<section#pixel-board>' to be 'visible'\n\nThis element '<section#pixel-board>' is not visible because it has an effective width and height of: '200 x 0' pixels.",
                "estack": "CypressError: Timed out retrying: expected '<section#pixel-board>' to be 'visible'\n\nThis element '<section#pixel-board>' is not visible because it has an effective width and height of: '200 x 0' pixels.\n    at cypressErr (http://localhost:37129/__cypress/runner/cypress_runner.js:149934:9)\n    at throwErr (http://localhost:37129/__cypress/runner/cypress_runner.js:149867:11)\n    at Object.throwErrByPath (http://localhost:37129/__cypress/runner/cypress_runner.js:149915:3)\n    at retry (http://localhost:37129/__cypress/runner/cypress_runner.js:144197:19)\n    at onFailFn (http://localhost:37129/__cypress/runner/cypress_runner.js:132448:16)\n    at tryCatcher (http://localhost:37129/__cypress/runner/cypress_runner.js:167415:23)\n    at Promise._settlePromiseFromHandler (http://localhost:37129/__cypress/runner/cypress_runner.js:165351:31)\n    at Promise._settlePromise (http://localhost:37129/__cypress/runner/cypress_runner.js:165408:18)\n    at Promise._settlePromise0 (http://localhost:37129/__cypress/runner/cypress_runner.js:165453:10)\n    at Promise._settlePromises (http://localhost:37129/__cypress/runner/cypress_runner.js:165528:18)\n    at Async../node_modules/bluebird/js/release/async.js.Async._drainQueue (http://localhost:37129/__cypress/runner/cypress_runner.js:162140:16)\n    at Async../node_modules/bluebird/js/release/async.js.Async._drainQueues (http://localhost:37129/__cypress/runner/cypress_runner.js:162150:10)\n    at Async.drainQueues (http://localhost:37129/__cypress/runner/cypress_runner.js:162024:14)",
                "diff": null
              },
              "uuid": "21f43296-a42d-431f-be4f-cbc18a75a660",
              "parentUUID": "fdc4a9dd-a00e-4c43-a18d-339f1d8def25",
              "isHook": false,
              "skipped": false
            },
            {
              "title": "Verifica se cada pixel individual dentro do quadro possui a `classe` denominada `pixel`.",
              "fullTitle": "4 - Adicione à página um quadro contendo 25 pixels Verifica se cada pixel individual dentro do quadro possui a `classe` denominada `pixel`.",
              "timedOut": null,
              "duration": 4312,
              "state": "failed",
              "speed": null,
              "pass": false,
              "fail": true,
              "pending": false,
              "context": null,
              "code": "cy.get('.pixel').should('have.length', 25);",
              "err": {
                "message": "CypressError: Timed out retrying: Expected to find element: '.pixel', but never found it.",
                "estack": "CypressError: Timed out retrying: Expected to find element: '.pixel', but never found it.\n    at cypressErr (http://localhost:37129/__cypress/runner/cypress_runner.js:149934:9)\n    at throwErr (http://localhost:37129/__cypress/runner/cypress_runner.js:149867:11)\n    at Object.throwErrByPath (http://localhost:37129/__cypress/runner/cypress_runner.js:149915:3)\n    at retry (http://localhost:37129/__cypress/runner/cypress_runner.js:144197:19)\n    at onFailFn (http://localhost:37129/__cypress/runner/cypress_runner.js:132448:16)\n    at tryCatcher (http://localhost:37129/__cypress/runner/cypress_runner.js:167415:23)\n    at Promise._settlePromiseFromHandler (http://localhost:37129/__cypress/runner/cypress_runner.js:165351:31)\n    at Promise._settlePromise (http://localhost:37129/__cypress/runner/cypress_runner.js:165408:18)\n    at Promise._settlePromise0 (http://localhost:37129/__cypress/runner/cypress_runner.js:165453:10)\n    at Promise._settlePromises (http://localhost:37129/__cypress/runner/cypress_runner.js:165528:18)\n    at Async../node_modules/bluebird/js/release/async.js.Async._drainQueue (http://localhost:37129/__cypress/runner/cypress_runner.js:162140:16)\n    at Async../node_modules/bluebird/js/release/async.js.Async._drainQueues (http://localhost:37129/__cypress/runner/cypress_runner.js:162150:10)\n    at Async.drainQueues (http://localhost:37129/__cypress/runner/cypress_runner.js:162024:14)",
                "diff": null
              },
              "uuid": "13c4a77e-6024-4ebb-8afa-213c35943584",
              "parentUUID": "fdc4a9dd-a00e-4c43-a18d-339f1d8def25",
              "isHook": false,
              "skipped": false
            },
            {
              "title": "Verifica se a cor inicial dos pixels dentro do quadro, ao abrir a página, é branca.",
              "fullTitle": "4 - Adicione à página um quadro contendo 25 pixels Verifica se a cor inicial dos pixels dentro do quadro, ao abrir a página, é branca.",
              "timedOut": null,
              "duration": 4286,
              "state": "failed",
              "speed": null,
              "pass": false,
              "fail": true,
              "pending": false,
              "context": null,
              "code": "cy.get('.pixel').should('have.length', 25).each(function (pixel) {\n  expect(pixel).to.have.css('background-color', WHITE);\n});",
              "err": {
                "message": "CypressError: Timed out retrying: Expected to find element: '.pixel', but never found it.",
                "estack": "CypressError: Timed out retrying: Expected to find element: '.pixel', but never found it.\n    at cypressErr (http://localhost:37129/__cypress/runner/cypress_runner.js:149934:9)\n    at throwErr (http://localhost:37129/__cypress/runner/cypress_runner.js:149867:11)\n    at Object.throwErrByPath (http://localhost:37129/__cypress/runner/cypress_runner.js:149915:3)\n    at retry (http://localhost:37129/__cypress/runner/cypress_runner.js:144197:19)\n    at onFailFn (http://localhost:37129/__cypress/runner/cypress_runner.js:132448:16)\n    at tryCatcher (http://localhost:37129/__cypress/runner/cypress_runner.js:167415:23)\n    at Promise._settlePromiseFromHandler (http://localhost:37129/__cypress/runner/cypress_runner.js:165351:31)\n    at Promise._settlePromise (http://localhost:37129/__cypress/runner/cypress_runner.js:165408:18)\n    at Promise._settlePromise0 (http://localhost:37129/__cypress/runner/cypress_runner.js:165453:10)\n    at Promise._settlePromises (http://localhost:37129/__cypress/runner/cypress_runner.js:165528:18)\n    at Async../node_modules/bluebird/js/release/async.js.Async._drainQueue (http://localhost:37129/__cypress/runner/cypress_runner.js:162140:16)\n    at Async../node_modules/bluebird/js/release/async.js.Async._drainQueues (http://localhost:37129/__cypress/runner/cypress_runner.js:162150:10)\n    at Async.drainQueues (http://localhost:37129/__cypress/runner/cypress_runner.js:162024:14)",
                "diff": null
              },
              "uuid": "d2b0101f-5699-45bf-83cd-307fcbde8eaa",
              "parentUUID": "fdc4a9dd-a00e-4c43-a18d-339f1d8def25",
              "isHook": false,
              "skipped": false
            },
            {
              "title": "Verifica se o quadro de pixels aparece abaixo da paleta de cores",
              "fullTitle": "4 - Adicione à página um quadro contendo 25 pixels Verifica se o quadro de pixels aparece abaixo da paleta de cores",
              "timedOut": null,
              "duration": 138,
              "state": "passed",
              "speed": "slow",
              "pass": true,
              "fail": false,
              "pending": false,
              "context": null,
              "code": "cy.get('#color-palette').then(function (palette) {\n  cy.get('#pixel-board').should('be.belowOf', palette);\n});",
              "err": {},
              "uuid": "c77b54de-e002-44a0-b8d3-0e995f39f0ee",
              "parentUUID": "fdc4a9dd-a00e-4c43-a18d-339f1d8def25",
              "isHook": false,
              "skipped": false
            }
          ],
          "suites": [],
          "passes": [
            "c77b54de-e002-44a0-b8d3-0e995f39f0ee"
          ],
          "failures": [
            "21f43296-a42d-431f-be4f-cbc18a75a660",
            "13c4a77e-6024-4ebb-8afa-213c35943584",
            "d2b0101f-5699-45bf-83cd-307fcbde8eaa"
          ],
          "pending": [],
          "skipped": [],
          "duration": 12970,
          "root": false,
          "rootEmpty": false,
          "_timeout": 2000
        },
        {
          "uuid": "239243dc-a708-40a6-9b39-a276b6a8ebab",
          "title": "5 - Faça com que cada elemento do quadro de pixels possua 40 pixels de largura, 40 pixels de altura e seja delimitado por uma borda preta de 1 pixel",
          "fullFile": "",
          "file": "",
          "beforeHooks": [],
          "afterHooks": [],
          "tests": [
            {
              "title": "Verifica se o quadro de pixels tem altura e comprimento de 5 elementos",
              "fullTitle": "5 - Faça com que cada elemento do quadro de pixels possua 40 pixels de largura, 40 pixels de altura e seja delimitado por uma borda preta de 1 pixel Verifica se o quadro de pixels tem altura e comprimento de 5 elementos",
              "timedOut": null,
              "duration": 4280,
              "state": "failed",
              "speed": null,
              "pass": false,
              "fail": true,
              "pending": false,
              "context": null,
              "code": "cy.get('.pixel').should('have.length', 25).each(function (pixel) {\n  expect(pixel).to.have.css('background-color', WHITE);\n}).and(function (pixels) {\n  var rows = chunk(pixels, 5);\n  rows.forEach(function (row) {\n    for (var index = 1; index < row.length; index += 1) {\n      var current = pixels[index];\n      var previous = pixels[index - 1];\n      cy.wrap(current).should('be.onTheRightOf', previous).and('be.horizontallyAlignedWith', previous);\n    }\n  });\n  for (var index = 1; index < 5; index += 1) {\n    expect(pixels[index * 5]).to.be.belowOf(pixels[(index - 1) * 5]);\n  }\n});",
              "err": {
                "message": "CypressError: Timed out retrying: Expected to find element: '.pixel', but never found it.",
                "estack": "CypressError: Timed out retrying: Expected to find element: '.pixel', but never found it.\n    at cypressErr (http://localhost:37129/__cypress/runner/cypress_runner.js:149934:9)\n    at throwErr (http://localhost:37129/__cypress/runner/cypress_runner.js:149867:11)\n    at Object.throwErrByPath (http://localhost:37129/__cypress/runner/cypress_runner.js:149915:3)\n    at retry (http://localhost:37129/__cypress/runner/cypress_runner.js:144197:19)\n    at onFailFn (http://localhost:37129/__cypress/runner/cypress_runner.js:132448:16)\n    at tryCatcher (http://localhost:37129/__cypress/runner/cypress_runner.js:167415:23)\n    at Promise._settlePromiseFromHandler (http://localhost:37129/__cypress/runner/cypress_runner.js:165351:31)\n    at Promise._settlePromise (http://localhost:37129/__cypress/runner/cypress_runner.js:165408:18)\n    at Promise._settlePromise0 (http://localhost:37129/__cypress/runner/cypress_runner.js:165453:10)\n    at Promise._settlePromises (http://localhost:37129/__cypress/runner/cypress_runner.js:165528:18)\n    at Async../node_modules/bluebird/js/release/async.js.Async._drainQueue (http://localhost:37129/__cypress/runner/cypress_runner.js:162140:16)\n    at Async../node_modules/bluebird/js/release/async.js.Async._drainQueues (http://localhost:37129/__cypress/runner/cypress_runner.js:162150:10)\n    at Async.drainQueues (http://localhost:37129/__cypress/runner/cypress_runner.js:162024:14)",
                "diff": null
              },
              "uuid": "e11a4137-2fa5-4816-bb07-3fc9b0bcc443",
              "parentUUID": "239243dc-a708-40a6-9b39-a276b6a8ebab",
              "isHook": false,
              "skipped": false
            },
            {
              "title": "Verifica se 40 pixels é o tamanho total do elemento, incluindo seu conteúdo e excluindo a borda preta, que deve ser criada à parte.",
              "fullTitle": "5 - Faça com que cada elemento do quadro de pixels possua 40 pixels de largura, 40 pixels de altura e seja delimitado por uma borda preta de 1 pixel Verifica se 40 pixels é o tamanho total do elemento, incluindo seu conteúdo e excluindo a borda preta, que deve ser criada à parte.",
              "timedOut": null,
              "duration": 4313,
              "state": "failed",
              "speed": null,
              "pass": false,
              "fail": true,
              "pending": false,
              "context": null,
              "code": "cy.get('.pixel').each(function (pixel) {\n  cy.wrap(pixel).should('have.css', 'height', '40px').and('have.css', 'width', '40px').and('have.css', 'border', \"1px solid \".concat(BLACK));\n});",
              "err": {
                "message": "CypressError: Timed out retrying: Expected to find element: '.pixel', but never found it.",
                "estack": "CypressError: Timed out retrying: Expected to find element: '.pixel', but never found it.\n    at cypressErr (http://localhost:37129/__cypress/runner/cypress_runner.js:149934:9)\n    at throwErr (http://localhost:37129/__cypress/runner/cypress_runner.js:149867:11)\n    at Object.throwErrByPath (http://localhost:37129/__cypress/runner/cypress_runner.js:149915:3)\n    at retry (http://localhost:37129/__cypress/runner/cypress_runner.js:144197:19)\n    at onFailFn (http://localhost:37129/__cypress/runner/cypress_runner.js:132448:16)\n    at tryCatcher (http://localhost:37129/__cypress/runner/cypress_runner.js:167415:23)\n    at Promise._settlePromiseFromHandler (http://localhost:37129/__cypress/runner/cypress_runner.js:165351:31)\n    at Promise._settlePromise (http://localhost:37129/__cypress/runner/cypress_runner.js:165408:18)\n    at Promise._settlePromise0 (http://localhost:37129/__cypress/runner/cypress_runner.js:165453:10)\n    at Promise._settlePromises (http://localhost:37129/__cypress/runner/cypress_runner.js:165528:18)\n    at Async../node_modules/bluebird/js/release/async.js.Async._drainQueue (http://localhost:37129/__cypress/runner/cypress_runner.js:162140:16)\n    at Async../node_modules/bluebird/js/release/async.js.Async._drainQueues (http://localhost:37129/__cypress/runner/cypress_runner.js:162150:10)\n    at Async.drainQueues (http://localhost:37129/__cypress/runner/cypress_runner.js:162024:14)",
                "diff": null
              },
              "uuid": "0d95a8a1-1144-444e-a68a-980046c2f710",
              "parentUUID": "239243dc-a708-40a6-9b39-a276b6a8ebab",
              "isHook": false,
              "skipped": false
            }
          ],
          "suites": [],
          "passes": [],
          "failures": [
            "e11a4137-2fa5-4816-bb07-3fc9b0bcc443",
            "0d95a8a1-1144-444e-a68a-980046c2f710"
          ],
          "pending": [],
          "skipped": [],
          "duration": 8593,
          "root": false,
          "rootEmpty": false,
          "_timeout": 2000
        },
        {
          "uuid": "6c7a2c20-18d9-4add-9c80-206aeb4c3b7e",
          "title": "6 - Defina a cor preta como cor inicial da paleta de cores. Ao carregar a página a cor preta já deve estar selecionada para pintar os pixels",
          "fullFile": "",
          "file": "",
          "beforeHooks": [],
          "afterHooks": [],
          "tests": [
            {
              "title": "Verifica se o elemento da cor preta possui, inicialmente, a `classe` `selected`",
              "fullTitle": "6 - Defina a cor preta como cor inicial da paleta de cores. Ao carregar a página a cor preta já deve estar selecionada para pintar os pixels Verifica se o elemento da cor preta possui, inicialmente, a `classe` `selected`",
              "timedOut": null,
              "duration": 177,
              "state": "passed",
              "speed": "slow",
              "pass": true,
              "fail": false,
              "pending": false,
              "context": null,
              "code": "cy.get('.selected').first().should('have.css', 'background-color', BLACK);",
              "err": {},
              "uuid": "e67287f9-3546-4342-b228-6a3d07dfd3aa",
              "parentUUID": "6c7a2c20-18d9-4add-9c80-206aeb4c3b7e",
              "isHook": false,
              "skipped": false
            },
            {
              "title": "Verifica se nenhuma outra cor da paleta tem a `classe` `selected`",
              "fullTitle": "6 - Defina a cor preta como cor inicial da paleta de cores. Ao carregar a página a cor preta já deve estar selecionada para pintar os pixels Verifica se nenhuma outra cor da paleta tem a `classe` `selected`",
              "timedOut": null,
              "duration": 129,
              "state": "passed",
              "speed": "slow",
              "pass": true,
              "fail": false,
              "pending": false,
              "context": null,
              "code": "cy.get('.color:not(:first-child)').each(function (color) {\n  cy.wrap(color).should('not.have.class', 'selected');\n});",
              "err": {},
              "uuid": "36c49d09-eaa8-43d4-ae3e-4ad6d5ca9955",
              "parentUUID": "6c7a2c20-18d9-4add-9c80-206aeb4c3b7e",
              "isHook": false,
              "skipped": false
            }
          ],
          "suites": [],
          "passes": [
            "e67287f9-3546-4342-b228-6a3d07dfd3aa",
            "36c49d09-eaa8-43d4-ae3e-4ad6d5ca9955"
          ],
          "failures": [],
          "pending": [],
          "skipped": [],
          "duration": 306,
          "root": false,
          "rootEmpty": false,
          "_timeout": 2000
        },
        {
          "uuid": "678fa593-7991-42e0-b007-746e5ad5b80f",
          "title": "7 - Crie uma função para selecionar uma cor na paleta de cores e preencher os pixels no quadro",
          "fullFile": "",
          "file": "",
          "beforeHooks": [],
          "afterHooks": [],
          "tests": [
            {
              "title": "Verifica se somente uma cor da paleta de cores tem a classe `selected` de cada vez",
              "fullTitle": "7 - Crie uma função para selecionar uma cor na paleta de cores e preencher os pixels no quadro Verifica se somente uma cor da paleta de cores tem a classe `selected` de cada vez",
              "timedOut": null,
              "duration": 432,
              "state": "passed",
              "speed": "slow",
              "pass": true,
              "fail": false,
              "pending": false,
              "context": null,
              "code": "cy.get('.color').each(function (selectedColor, selectedColorIndex) {\n  cy.wrap(selectedColor).click();\n  cy.get('.color').each(function (color, colorIndex) {\n    if (colorIndex === selectedColorIndex) {\n      expect(color).to.have[\"class\"]('selected');\n    } else {\n      expect(color).not.to.have[\"class\"]('selected');\n    }\n  });\n});",
              "err": {},
              "uuid": "6577559f-f230-4143-a34d-634ec847ae47",
              "parentUUID": "678fa593-7991-42e0-b007-746e5ad5b80f",
              "isHook": false,
              "skipped": false
            },
            {
              "title": "Verifica se os pixels dentro do quadro não têm a classe `selected` quando são clicados",
              "fullTitle": "7 - Crie uma função para selecionar uma cor na paleta de cores e preencher os pixels no quadro Verifica se os pixels dentro do quadro não têm a classe `selected` quando são clicados",
              "timedOut": null,
              "duration": 4332,
              "state": "failed",
              "speed": null,
              "pass": false,
              "fail": true,
              "pending": false,
              "context": null,
              "code": "cy.get('.color').each(function (color) {\n  var backgroundColor = color.css('background-color');\n  cy.wrap(color).click();\n  cy.get('.pixel').each(function (pixel) {\n    cy.wrap(pixel).click().should('not.have.class', 'selected');\n  });\n});",
              "err": {
                "message": "CypressError: Timed out retrying: Expected to find element: '.pixel', but never found it.",
                "estack": "CypressError: Timed out retrying: Expected to find element: '.pixel', but never found it.\n    at cypressErr (http://localhost:37129/__cypress/runner/cypress_runner.js:149934:9)\n    at throwErr (http://localhost:37129/__cypress/runner/cypress_runner.js:149867:11)\n    at Object.throwErrByPath (http://localhost:37129/__cypress/runner/cypress_runner.js:149915:3)\n    at retry (http://localhost:37129/__cypress/runner/cypress_runner.js:144197:19)\n    at onFailFn (http://localhost:37129/__cypress/runner/cypress_runner.js:132448:16)\n    at tryCatcher (http://localhost:37129/__cypress/runner/cypress_runner.js:167415:23)\n    at Promise._settlePromiseFromHandler (http://localhost:37129/__cypress/runner/cypress_runner.js:165351:31)\n    at Promise._settlePromise (http://localhost:37129/__cypress/runner/cypress_runner.js:165408:18)\n    at Promise._settlePromise0 (http://localhost:37129/__cypress/runner/cypress_runner.js:165453:10)\n    at Promise._settlePromises (http://localhost:37129/__cypress/runner/cypress_runner.js:165528:18)\n    at Async../node_modules/bluebird/js/release/async.js.Async._drainQueue (http://localhost:37129/__cypress/runner/cypress_runner.js:162140:16)\n    at Async../node_modules/bluebird/js/release/async.js.Async._drainQueues (http://localhost:37129/__cypress/runner/cypress_runner.js:162150:10)\n    at Async.drainQueues (http://localhost:37129/__cypress/runner/cypress_runner.js:162024:14)",
                "diff": null
              },
              "uuid": "b5f627ce-273b-4500-9bc1-8447b566bad6",
              "parentUUID": "678fa593-7991-42e0-b007-746e5ad5b80f",
              "isHook": false,
              "skipped": false
            }
          ],
          "suites": [],
          "passes": [
            "6577559f-f230-4143-a34d-634ec847ae47"
          ],
          "failures": [
            "b5f627ce-273b-4500-9bc1-8447b566bad6"
          ],
          "pending": [],
          "skipped": [],
          "duration": 4764,
          "root": false,
          "rootEmpty": false,
          "_timeout": 2000
        },
        {
          "uuid": "6fd19e8f-fc18-440c-9b83-595a2b1dc4d0",
          "title": "8 - Crie uma função que permita preencher um pixel do quadro com a cor selecionada na paleta de cores",
          "fullFile": "",
          "file": "",
          "beforeHooks": [],
          "afterHooks": [],
          "tests": [
            {
              "title": "Verifica se ao carregar a página deve ser possível pintar os pixels de preto",
              "fullTitle": "8 - Crie uma função que permita preencher um pixel do quadro com a cor selecionada na paleta de cores Verifica se ao carregar a página deve ser possível pintar os pixels de preto",
              "timedOut": null,
              "duration": 4277,
              "state": "failed",
              "speed": null,
              "pass": false,
              "fail": true,
              "pending": false,
              "context": null,
              "code": "cy.get('.pixel').each(function (pixel) {\n  cy.wrap(pixel).click().should('have.css', 'background-color', BLACK);\n});",
              "err": {
                "message": "CypressError: Timed out retrying: Expected to find element: '.pixel', but never found it.",
                "estack": "CypressError: Timed out retrying: Expected to find element: '.pixel', but never found it.\n    at cypressErr (http://localhost:37129/__cypress/runner/cypress_runner.js:149934:9)\n    at throwErr (http://localhost:37129/__cypress/runner/cypress_runner.js:149867:11)\n    at Object.throwErrByPath (http://localhost:37129/__cypress/runner/cypress_runner.js:149915:3)\n    at retry (http://localhost:37129/__cypress/runner/cypress_runner.js:144197:19)\n    at onFailFn (http://localhost:37129/__cypress/runner/cypress_runner.js:132448:16)\n    at tryCatcher (http://localhost:37129/__cypress/runner/cypress_runner.js:167415:23)\n    at Promise._settlePromiseFromHandler (http://localhost:37129/__cypress/runner/cypress_runner.js:165351:31)\n    at Promise._settlePromise (http://localhost:37129/__cypress/runner/cypress_runner.js:165408:18)\n    at Promise._settlePromise0 (http://localhost:37129/__cypress/runner/cypress_runner.js:165453:10)\n    at Promise._settlePromises (http://localhost:37129/__cypress/runner/cypress_runner.js:165528:18)\n    at Async../node_modules/bluebird/js/release/async.js.Async._drainQueue (http://localhost:37129/__cypress/runner/cypress_runner.js:162140:16)\n    at Async../node_modules/bluebird/js/release/async.js.Async._drainQueues (http://localhost:37129/__cypress/runner/cypress_runner.js:162150:10)\n    at Async.drainQueues (http://localhost:37129/__cypress/runner/cypress_runner.js:162024:14)",
                "diff": null
              },
              "uuid": "e36f2eeb-31a3-43da-b8aa-3da937894568",
              "parentUUID": "6fd19e8f-fc18-440c-9b83-595a2b1dc4d0",
              "isHook": false,
              "skipped": false
            },
            {
              "title": "Verifica se após selecionar uma outra cor na paleta, é possível pintar os pixels com essa cor",
              "fullTitle": "8 - Crie uma função que permita preencher um pixel do quadro com a cor selecionada na paleta de cores Verifica se após selecionar uma outra cor na paleta, é possível pintar os pixels com essa cor",
              "timedOut": null,
              "duration": 4386,
              "state": "failed",
              "speed": null,
              "pass": false,
              "fail": true,
              "pending": false,
              "context": null,
              "code": "cy.get('.color').each(function (color) {\n  var backgroundColor = color.css('background-color');\n  cy.wrap(color).click();\n  cy.get('.pixel').each(function (pixel) {\n    cy.wrap(pixel).click().should('have.css', 'background-color', backgroundColor);\n  });\n});",
              "err": {
                "message": "CypressError: Timed out retrying: Expected to find element: '.pixel', but never found it.",
                "estack": "CypressError: Timed out retrying: Expected to find element: '.pixel', but never found it.\n    at cypressErr (http://localhost:37129/__cypress/runner/cypress_runner.js:149934:9)\n    at throwErr (http://localhost:37129/__cypress/runner/cypress_runner.js:149867:11)\n    at Object.throwErrByPath (http://localhost:37129/__cypress/runner/cypress_runner.js:149915:3)\n    at retry (http://localhost:37129/__cypress/runner/cypress_runner.js:144197:19)\n    at onFailFn (http://localhost:37129/__cypress/runner/cypress_runner.js:132448:16)\n    at tryCatcher (http://localhost:37129/__cypress/runner/cypress_runner.js:167415:23)\n    at Promise._settlePromiseFromHandler (http://localhost:37129/__cypress/runner/cypress_runner.js:165351:31)\n    at Promise._settlePromise (http://localhost:37129/__cypress/runner/cypress_runner.js:165408:18)\n    at Promise._settlePromise0 (http://localhost:37129/__cypress/runner/cypress_runner.js:165453:10)\n    at Promise._settlePromises (http://localhost:37129/__cypress/runner/cypress_runner.js:165528:18)\n    at Async../node_modules/bluebird/js/release/async.js.Async._drainQueue (http://localhost:37129/__cypress/runner/cypress_runner.js:162140:16)\n    at Async../node_modules/bluebird/js/release/async.js.Async._drainQueues (http://localhost:37129/__cypress/runner/cypress_runner.js:162150:10)\n    at Async.drainQueues (http://localhost:37129/__cypress/runner/cypress_runner.js:162024:14)",
                "diff": null
              },
              "uuid": "76c93386-ee76-4430-a18f-e274e6aeda58",
              "parentUUID": "6fd19e8f-fc18-440c-9b83-595a2b1dc4d0",
              "isHook": false,
              "skipped": false
            },
            {
              "title": "Verifica se somente o pixel que foi clicado foi preenchido com a cor selecionada, sem influenciar na cor dos demais pixels.",
              "fullTitle": "8 - Crie uma função que permita preencher um pixel do quadro com a cor selecionada na paleta de cores Verifica se somente o pixel que foi clicado foi preenchido com a cor selecionada, sem influenciar na cor dos demais pixels.",
              "timedOut": null,
              "duration": 4359,
              "state": "failed",
              "speed": null,
              "pass": false,
              "fail": true,
              "pending": false,
              "context": null,
              "code": "var colorToPixelIndexMap = {\n  0: 6,\n  1: 8,\n  2: 16,\n  3: 18\n};\ncy.get('.color').each(function (color, index) {\n  cy.wrap(color).click();\n  var backgroundColor = color.css('background-color');\n  var clickedPixelIndex = colorToPixelIndexMap[index];\n  cy.get('.pixel').eq(clickedPixelIndex).click();\n  cy.get('.pixel').eq(clickedPixelIndex - 1).should('not.have.css', 'background-color', backgroundColor);\n  cy.get('.pixel').eq(clickedPixelIndex + 1).should('not.have.css', 'background-color', backgroundColor);\n  cy.get('.pixel').eq(clickedPixelIndex - 5).should('not.have.css', 'background-color', backgroundColor);\n  cy.get('.pixel').eq(clickedPixelIndex + 5).should('not.have.css', 'background-color', backgroundColor);\n  cy.get('.pixel').eq(clickedPixelIndex - 6).should('not.have.css', 'background-color', backgroundColor);\n  cy.get('.pixel').eq(clickedPixelIndex - 4).should('not.have.css', 'background-color', backgroundColor);\n  cy.get('.pixel').eq(clickedPixelIndex + 4).should('not.have.css', 'background-color', backgroundColor);\n  cy.get('.pixel').eq(clickedPixelIndex + 6).should('not.have.css', 'background-color', backgroundColor);\n});",
              "err": {
                "message": "CypressError: Timed out retrying: Expected to find element: '.pixel', but never found it.",
                "estack": "CypressError: Timed out retrying: Expected to find element: '.pixel', but never found it.\n    at cypressErr (http://localhost:37129/__cypress/runner/cypress_runner.js:149934:9)\n    at throwErr (http://localhost:37129/__cypress/runner/cypress_runner.js:149867:11)\n    at Object.throwErrByPath (http://localhost:37129/__cypress/runner/cypress_runner.js:149915:3)\n    at retry (http://localhost:37129/__cypress/runner/cypress_runner.js:144197:19)\n    at onFailFn (http://localhost:37129/__cypress/runner/cypress_runner.js:132448:16)\n    at tryCatcher (http://localhost:37129/__cypress/runner/cypress_runner.js:167415:23)\n    at Promise._settlePromiseFromHandler (http://localhost:37129/__cypress/runner/cypress_runner.js:165351:31)\n    at Promise._settlePromise (http://localhost:37129/__cypress/runner/cypress_runner.js:165408:18)\n    at Promise._settlePromise0 (http://localhost:37129/__cypress/runner/cypress_runner.js:165453:10)\n    at Promise._settlePromises (http://localhost:37129/__cypress/runner/cypress_runner.js:165528:18)\n    at Async../node_modules/bluebird/js/release/async.js.Async._drainQueue (http://localhost:37129/__cypress/runner/cypress_runner.js:162140:16)\n    at Async../node_modules/bluebird/js/release/async.js.Async._drainQueues (http://localhost:37129/__cypress/runner/cypress_runner.js:162150:10)\n    at Async.drainQueues (http://localhost:37129/__cypress/runner/cypress_runner.js:162024:14)",
                "diff": null
              },
              "uuid": "530f6fd7-b3ef-4a31-a6b2-3285072e8086",
              "parentUUID": "6fd19e8f-fc18-440c-9b83-595a2b1dc4d0",
              "isHook": false,
              "skipped": false
            }
          ],
          "suites": [],
          "passes": [],
          "failures": [
            "e36f2eeb-31a3-43da-b8aa-3da937894568",
            "76c93386-ee76-4430-a18f-e274e6aeda58",
            "530f6fd7-b3ef-4a31-a6b2-3285072e8086"
          ],
          "pending": [],
          "skipped": [],
          "duration": 13022,
          "root": false,
          "rootEmpty": false,
          "_timeout": 2000
        },
        {
          "uuid": "eb0ede51-5bdd-48bb-a0f9-fb28ca6e5f7d",
          "title": "9 - Crie um botão que, ao ser clicado, limpa o quadro preenchendo a cor de todos seus pixels com branco",
          "fullFile": "",
          "file": "",
          "beforeHooks": [],
          "afterHooks": [],
          "tests": [
            {
              "title": "Verifica se o botão tem o `id` denominado `clear-board`",
              "fullTitle": "9 - Crie um botão que, ao ser clicado, limpa o quadro preenchendo a cor de todos seus pixels com branco Verifica se o botão tem o `id` denominado `clear-board`",
              "timedOut": null,
              "duration": 198,
              "state": "passed",
              "speed": "slow",
              "pass": true,
              "fail": false,
              "pending": false,
              "context": null,
              "code": "cy.get('#clear-board').should('be.visible');",
              "err": {},
              "uuid": "548d63f4-3b7b-403b-9b14-0db61966cb2e",
              "parentUUID": "eb0ede51-5bdd-48bb-a0f9-fb28ca6e5f7d",
              "isHook": false,
              "skipped": false
            },
            {
              "title": "Verifica se o botão está posicionado entre a paleta de cores e o quadro de pixels",
              "fullTitle": "9 - Crie um botão que, ao ser clicado, limpa o quadro preenchendo a cor de todos seus pixels com branco Verifica se o botão está posicionado entre a paleta de cores e o quadro de pixels",
              "timedOut": null,
              "duration": 141,
              "state": "passed",
              "speed": "slow",
              "pass": true,
              "fail": false,
              "pending": false,
              "context": null,
              "code": "cy.get('#color-palette').then(function (palette) {\n  cy.get('#clear-board').should('be.belowOf', palette);\n});\ncy.get('#clear-board').then(function (clearBtn) {\n  cy.get('#pixel-board').should('be.belowOf', clearBtn);\n});",
              "err": {},
              "uuid": "717573f2-e132-47b9-bc9a-f3bd245d7f00",
              "parentUUID": "eb0ede51-5bdd-48bb-a0f9-fb28ca6e5f7d",
              "isHook": false,
              "skipped": false
            },
            {
              "title": "Verifica se o texto do botão é 'Limpar'",
              "fullTitle": "9 - Crie um botão que, ao ser clicado, limpa o quadro preenchendo a cor de todos seus pixels com branco Verifica se o texto do botão é 'Limpar'",
              "timedOut": null,
              "duration": 71,
              "state": "passed",
              "speed": "medium",
              "pass": true,
              "fail": false,
              "pending": false,
              "context": null,
              "code": "cy.get('#clear-board').should('contain.text', 'Limpar');",
              "err": {},
              "uuid": "3a9cdf5d-6759-4479-a3af-00cfe97c3d27",
              "parentUUID": "eb0ede51-5bdd-48bb-a0f9-fb28ca6e5f7d",
              "isHook": false,
              "skipped": false
            },
            {
              "title": "Verifica se ao clicar no botão, o quadro de pixels é totalmente preenchido de branco",
              "fullTitle": "9 - Crie um botão que, ao ser clicado, limpa o quadro preenchendo a cor de todos seus pixels com branco Verifica se ao clicar no botão, o quadro de pixels é totalmente preenchido de branco",
              "timedOut": null,
              "duration": 4280,
              "state": "failed",
              "speed": null,
              "pass": false,
              "fail": true,
              "pending": false,
              "context": null,
              "code": "cy.get('.color').eq(1).then(function (color) {\n  var backgroundColor = color.css('background-color');\n  cy.wrap(color).click();\n  cy.get('.pixel').each(function (pixel) {\n    cy.wrap(pixel).click().should('have.css', 'background-color', backgroundColor);\n  });\n});\ncy.get('#clear-board').click();\ncy.get('.pixel').each(function (pixel) {\n  cy.wrap(pixel).should('have.css', 'background-color', WHITE);\n});",
              "err": {
                "message": "CypressError: Timed out retrying: Expected to find element: '.pixel', but never found it.",
                "estack": "CypressError: Timed out retrying: Expected to find element: '.pixel', but never found it.\n    at cypressErr (http://localhost:37129/__cypress/runner/cypress_runner.js:149934:9)\n    at throwErr (http://localhost:37129/__cypress/runner/cypress_runner.js:149867:11)\n    at Object.throwErrByPath (http://localhost:37129/__cypress/runner/cypress_runner.js:149915:3)\n    at retry (http://localhost:37129/__cypress/runner/cypress_runner.js:144197:19)\n    at onFailFn (http://localhost:37129/__cypress/runner/cypress_runner.js:132448:16)\n    at tryCatcher (http://localhost:37129/__cypress/runner/cypress_runner.js:167415:23)\n    at Promise._settlePromiseFromHandler (http://localhost:37129/__cypress/runner/cypress_runner.js:165351:31)\n    at Promise._settlePromise (http://localhost:37129/__cypress/runner/cypress_runner.js:165408:18)\n    at Promise._settlePromise0 (http://localhost:37129/__cypress/runner/cypress_runner.js:165453:10)\n    at Promise._settlePromises (http://localhost:37129/__cypress/runner/cypress_runner.js:165528:18)\n    at Async../node_modules/bluebird/js/release/async.js.Async._drainQueue (http://localhost:37129/__cypress/runner/cypress_runner.js:162140:16)\n    at Async../node_modules/bluebird/js/release/async.js.Async._drainQueues (http://localhost:37129/__cypress/runner/cypress_runner.js:162150:10)\n    at Async.drainQueues (http://localhost:37129/__cypress/runner/cypress_runner.js:162024:14)",
                "diff": null
              },
              "uuid": "99d6562e-acc2-42e4-b9c8-b7b5df070a6a",
              "parentUUID": "eb0ede51-5bdd-48bb-a0f9-fb28ca6e5f7d",
              "isHook": false,
              "skipped": false
            }
          ],
          "suites": [],
          "passes": [
            "548d63f4-3b7b-403b-9b14-0db61966cb2e",
            "717573f2-e132-47b9-bc9a-f3bd245d7f00",
            "3a9cdf5d-6759-4479-a3af-00cfe97c3d27"
          ],
          "failures": [
            "99d6562e-acc2-42e4-b9c8-b7b5df070a6a"
          ],
          "pending": [],
          "skipped": [],
          "duration": 4690,
          "root": false,
          "rootEmpty": false,
          "_timeout": 2000
        },
        {
          "uuid": "e5689faa-b2c0-4b78-82b6-bae9d045e38f",
          "title": "10 - Crie um input que permita à pessoa usuária preencher um novo tamanho para o quadro de pixels",
          "fullFile": "",
          "file": "",
          "beforeHooks": [],
          "afterHooks": [],
          "tests": [
            {
              "title": "Verifica se existe um input com o id `board-size`",
              "fullTitle": "10 - Crie um input que permita à pessoa usuária preencher um novo tamanho para o quadro de pixels Verifica se existe um input com o id `board-size`",
              "timedOut": null,
              "duration": 163,
              "state": "passed",
              "speed": "slow",
              "pass": true,
              "fail": false,
              "pending": false,
              "context": null,
              "code": "cy.get('#board-size').should('be.visible');",
              "err": {},
              "uuid": "f3dc7523-5a4e-4dbb-ad3e-3239f5c09cda",
              "parentUUID": "e5689faa-b2c0-4b78-82b6-bae9d045e38f",
              "isHook": false,
              "skipped": false
            },
            {
              "title": "Verifica se existe um botão com o id `generate-board`",
              "fullTitle": "10 - Crie um input que permita à pessoa usuária preencher um novo tamanho para o quadro de pixels Verifica se existe um botão com o id `generate-board`",
              "timedOut": null,
              "duration": 108,
              "state": "passed",
              "speed": "slow",
              "pass": true,
              "fail": false,
              "pending": false,
              "context": null,
              "code": "cy.get('#generate-board').should('be.visible');",
              "err": {},
              "uuid": "9bc638c5-c867-480f-9b8a-81e6d203ff42",
              "parentUUID": "e5689faa-b2c0-4b78-82b6-bae9d045e38f",
              "isHook": false,
              "skipped": false
            },
            {
              "title": "Verifica se o input só aceita número maiores que zero. Essa restrição deve ser feita usando os atributos do elemento `input`",
              "fullTitle": "10 - Crie um input que permita à pessoa usuária preencher um novo tamanho para o quadro de pixels Verifica se o input só aceita número maiores que zero. Essa restrição deve ser feita usando os atributos do elemento `input`",
              "timedOut": null,
              "duration": 4187,
              "state": "failed",
              "speed": null,
              "pass": false,
              "fail": true,
              "pending": false,
              "context": null,
              "code": "cy.get('#board-size[type=\\'number\\'][min=\\'1\\']');",
              "err": {
                "message": "CypressError: Timed out retrying: Expected to find element: '#board-size[type='number'][min='1']', but never found it.",
                "estack": "CypressError: Timed out retrying: Expected to find element: '#board-size[type='number'][min='1']', but never found it.\n    at cypressErr (http://localhost:37129/__cypress/runner/cypress_runner.js:149934:9)\n    at throwErr (http://localhost:37129/__cypress/runner/cypress_runner.js:149867:11)\n    at Object.throwErrByPath (http://localhost:37129/__cypress/runner/cypress_runner.js:149915:3)\n    at retry (http://localhost:37129/__cypress/runner/cypress_runner.js:144197:19)\n    at onFailFn (http://localhost:37129/__cypress/runner/cypress_runner.js:132448:16)\n    at tryCatcher (http://localhost:37129/__cypress/runner/cypress_runner.js:167415:23)\n    at Promise._settlePromiseFromHandler (http://localhost:37129/__cypress/runner/cypress_runner.js:165351:31)\n    at Promise._settlePromise (http://localhost:37129/__cypress/runner/cypress_runner.js:165408:18)\n    at Promise._settlePromise0 (http://localhost:37129/__cypress/runner/cypress_runner.js:165453:10)\n    at Promise._settlePromises (http://localhost:37129/__cypress/runner/cypress_runner.js:165528:18)\n    at Async../node_modules/bluebird/js/release/async.js.Async._drainQueue (http://localhost:37129/__cypress/runner/cypress_runner.js:162140:16)\n    at Async../node_modules/bluebird/js/release/async.js.Async._drainQueues (http://localhost:37129/__cypress/runner/cypress_runner.js:162150:10)\n    at Async.drainQueues (http://localhost:37129/__cypress/runner/cypress_runner.js:162024:14)",
                "diff": null
              },
              "uuid": "b9e512c2-ea9d-4520-bd6b-bb41b2b58804",
              "parentUUID": "e5689faa-b2c0-4b78-82b6-bae9d045e38f",
              "isHook": false,
              "skipped": false
            },
            {
              "title": "Verifica se o botão contém o texto 'VQV'",
              "fullTitle": "10 - Crie um input que permita à pessoa usuária preencher um novo tamanho para o quadro de pixels Verifica se o botão contém o texto 'VQV'",
              "timedOut": null,
              "duration": 160,
              "state": "passed",
              "speed": "slow",
              "pass": true,
              "fail": false,
              "pending": false,
              "context": null,
              "code": "cy.get('#generate-board').contains(/vqv/i);",
              "err": {},
              "uuid": "e79729bb-070f-48cd-b51a-4d5a2390525a",
              "parentUUID": "e5689faa-b2c0-4b78-82b6-bae9d045e38f",
              "isHook": false,
              "skipped": false
            },
            {
              "title": "Verifica se o input está posicionado entre a paleta de cores e o quadro de pixels",
              "fullTitle": "10 - Crie um input que permita à pessoa usuária preencher um novo tamanho para o quadro de pixels Verifica se o input está posicionado entre a paleta de cores e o quadro de pixels",
              "timedOut": null,
              "duration": 131,
              "state": "passed",
              "speed": "slow",
              "pass": true,
              "fail": false,
              "pending": false,
              "context": null,
              "code": "cy.get('#color-palette').then(function (palette) {\n  cy.get('#board-size').should('be.belowOf', palette);\n});\ncy.get('#board-size').then(function (palette) {\n  cy.get('#pixel-board').should('be.belowOf', palette);\n});",
              "err": {},
              "uuid": "ac335a17-ee79-4d6a-91b8-6163d117bcca",
              "parentUUID": "e5689faa-b2c0-4b78-82b6-bae9d045e38f",
              "isHook": false,
              "skipped": false
            },
            {
              "title": "Verifica se o botão está posicionado ao lado do input",
              "fullTitle": "10 - Crie um input que permita à pessoa usuária preencher um novo tamanho para o quadro de pixels Verifica se o botão está posicionado ao lado do input",
              "timedOut": null,
              "duration": 78,
              "state": "passed",
              "speed": "slow",
              "pass": true,
              "fail": false,
              "pending": false,
              "context": null,
              "code": "cy.get('#board-size').then(function (board) {\n  cy.get('#generate-board').should('be.onTheRightOf', board);\n});",
              "err": {},
              "uuid": "1b19e4d8-0c1e-427a-9bd9-6a2e7adf5faa",
              "parentUUID": "e5689faa-b2c0-4b78-82b6-bae9d045e38f",
              "isHook": false,
              "skipped": false
            },
            {
              "title": "Verifica se nenhum valor for colocado no input ao clicar no botão, um `alert` é exibido com o texto: 'Board inválido!'",
              "fullTitle": "10 - Crie um input que permita à pessoa usuária preencher um novo tamanho para o quadro de pixels Verifica se nenhum valor for colocado no input ao clicar no botão, um `alert` é exibido com o texto: 'Board inválido!'",
              "timedOut": null,
              "duration": 158,
              "state": "passed",
              "speed": "slow",
              "pass": true,
              "fail": false,
              "pending": false,
              "context": null,
              "code": "var alerted = false;\ncy.on('window:alert', function (msg) {\n  return alerted = msg;\n});\ncy.get('#generate-board').click().then(function () {\n  return expect(alerted).to.match(/Board inválido!/i);\n});",
              "err": {},
              "uuid": "ecc88532-9d5c-439d-8457-9cddaaa880a4",
              "parentUUID": "e5689faa-b2c0-4b78-82b6-bae9d045e38f",
              "isHook": false,
              "skipped": false
            },
            {
              "title": "Verifica se ao clicar no botão com um valor preenchido, o tamanho do board muda.",
              "fullTitle": "10 - Crie um input que permita à pessoa usuária preencher um novo tamanho para o quadro de pixels Verifica se ao clicar no botão com um valor preenchido, o tamanho do board muda.",
              "timedOut": null,
              "duration": 476,
              "state": "passed",
              "speed": "slow",
              "pass": true,
              "fail": false,
              "pending": false,
              "context": null,
              "code": "cy.get('#board-size').clear().type(10);\ncy.get('#generate-board').click();\ncy.get('.pixel').should('have.length', 100);",
              "err": {},
              "uuid": "980da937-1727-4a38-985e-ce0fcea67fb2",
              "parentUUID": "e5689faa-b2c0-4b78-82b6-bae9d045e38f",
              "isHook": false,
              "skipped": false
            },
            {
              "title": "Verifica se o novo quadro tem todos os pixels preenchidos com a cor branca",
              "fullTitle": "10 - Crie um input que permita à pessoa usuária preencher um novo tamanho para o quadro de pixels Verifica se o novo quadro tem todos os pixels preenchidos com a cor branca",
              "timedOut": null,
              "duration": 509,
              "state": "passed",
              "speed": "slow",
              "pass": true,
              "fail": false,
              "pending": false,
              "context": null,
              "code": "cy.get('#board-size').clear().type(6);\ncy.get('#generate-board').click();\ncy.get('.pixel').should('have.length', 36).each(function (pixel) {\n  expect(pixel).to.have.css('background-color', WHITE);\n});",
              "err": {},
              "uuid": "686532d9-cec8-4fc9-a26e-d811144fcd4a",
              "parentUUID": "e5689faa-b2c0-4b78-82b6-bae9d045e38f",
              "isHook": false,
              "skipped": false
            }
          ],
          "suites": [],
          "passes": [
            "f3dc7523-5a4e-4dbb-ad3e-3239f5c09cda",
            "9bc638c5-c867-480f-9b8a-81e6d203ff42",
            "e79729bb-070f-48cd-b51a-4d5a2390525a",
            "ac335a17-ee79-4d6a-91b8-6163d117bcca",
            "1b19e4d8-0c1e-427a-9bd9-6a2e7adf5faa",
            "ecc88532-9d5c-439d-8457-9cddaaa880a4",
            "980da937-1727-4a38-985e-ce0fcea67fb2",
            "686532d9-cec8-4fc9-a26e-d811144fcd4a"
          ],
          "failures": [
            "b9e512c2-ea9d-4520-bd6b-bb41b2b58804"
          ],
          "pending": [],
          "skipped": [],
          "duration": 5970,
          "root": false,
          "rootEmpty": false,
          "_timeout": 2000
        },
        {
          "uuid": "50751fbf-d340-404c-9884-bc339c7964fc",
          "title": "11 - Crie uma função que limite o tamanho mínimo e máximo do quadro de pixels",
          "fullFile": "",
          "file": "",
          "beforeHooks": [],
          "afterHooks": [],
          "tests": [
            {
              "title": "Verifica se a altura máxima do board é 50",
              "fullTitle": "11 - Crie uma função que limite o tamanho mínimo e máximo do quadro de pixels Verifica se a altura máxima do board é 50",
              "timedOut": null,
              "duration": 1968,
              "state": "passed",
              "speed": "slow",
              "pass": true,
              "fail": false,
              "pending": false,
              "context": null,
              "code": "cy.get('#board-size').clear().type(50);\ncy.get('#generate-board').click();\ncy.get('.pixel').should('have.length', 2500);",
              "err": {},
              "uuid": "8b0d46d1-1d77-4dc6-91ca-3a5c05ff3d9a",
              "parentUUID": "50751fbf-d340-404c-9884-bc339c7964fc",
              "isHook": false,
              "skipped": false
            },
            {
              "title": "Verifica se a altura do board é 5 quando um valor menor é colocado no input",
              "fullTitle": "11 - Crie uma função que limite o tamanho mínimo e máximo do quadro de pixels Verifica se a altura do board é 5 quando um valor menor é colocado no input",
              "timedOut": null,
              "duration": 501,
              "state": "passed",
              "speed": "slow",
              "pass": true,
              "fail": false,
              "pending": false,
              "context": null,
              "code": "cy.get('#board-size').clear().type(4);\ncy.get('#generate-board').click();\ncy.get('.pixel').should('have.length', 25);",
              "err": {},
              "uuid": "0691e73f-5c77-4cbc-ada0-2adb439af00a",
              "parentUUID": "50751fbf-d340-404c-9884-bc339c7964fc",
              "isHook": false,
              "skipped": false
            },
            {
              "title": "Verifica se a altura do board é 50 quando um valor maior é colocado no input",
              "fullTitle": "11 - Crie uma função que limite o tamanho mínimo e máximo do quadro de pixels Verifica se a altura do board é 50 quando um valor maior é colocado no input",
              "timedOut": null,
              "duration": 1755,
              "state": "passed",
              "speed": "slow",
              "pass": true,
              "fail": false,
              "pending": false,
              "context": null,
              "code": "cy.get('#board-size').clear().type(51);\ncy.get('#generate-board').click();\ncy.get('.pixel').should('have.length', 2500);",
              "err": {},
              "uuid": "db313f49-d1cc-4fbd-bfc1-9e0ed23f19db",
              "parentUUID": "50751fbf-d340-404c-9884-bc339c7964fc",
              "isHook": false,
              "skipped": false
            }
          ],
          "suites": [],
          "passes": [
            "8b0d46d1-1d77-4dc6-91ca-3a5c05ff3d9a",
            "0691e73f-5c77-4cbc-ada0-2adb439af00a",
            "db313f49-d1cc-4fbd-bfc1-9e0ed23f19db"
          ],
          "failures": [],
          "pending": [],
          "skipped": [],
          "duration": 4224,
          "root": false,
          "rootEmpty": false,
          "_timeout": 2000
        },
        {
          "uuid": "954b7d9e-cd23-461d-a772-5a429a1a9575",
          "title": "12 - Crie uma função para gerar as cores aleatoriamente ao carregar a página, com exceção da cor preta",
          "fullFile": "",
          "file": "",
          "beforeHooks": [],
          "afterHooks": [],
          "tests": [
            {
              "title": "Verifica se as cores geradas na paleta são diferentes a cada carregamento da página",
              "fullTitle": "12 - Crie uma função para gerar as cores aleatoriamente ao carregar a página, com exceção da cor preta Verifica se as cores geradas na paleta são diferentes a cada carregamento da página",
              "timedOut": null,
              "duration": 493,
              "state": "failed",
              "speed": null,
              "pass": false,
              "fail": true,
              "pending": false,
              "context": null,
              "code": "cy.get('.color').then(function (colors) {\n  var currentColors;\n  var previousColors;\n  previousColors = Array.from(colors).map(function (color) {\n    return Cypress.$(color).css('background-color');\n  });\n  for (var i = 0; i < 5; i += 1) {\n    cy.reload();\n    cy.get('.color').then(function (colors) {\n      currentColors = Array.from(colors).map(function (color) {\n        return Cypress.$(color).css('background-color');\n      });\n      expect(currentColors).not.to.deep.equal(previousColors);\n      previousColors = currentColors;\n    });\n  }\n});",
              "err": {
                "message": "AssertionError: expected [ Array(4) ] to not deeply equal [ Array(4) ]",
                "estack": "AssertionError: expected [ Array(4) ] to not deeply equal [ Array(4) ]\n    at getRet (http://localhost:37129/__cypress/runner/cypress_runner.js:136585:16)\n    at tryCatcher (http://localhost:37129/__cypress/runner/cypress_runner.js:167415:23)\n    at Function.Promise.attempt.Promise.try (http://localhost:37129/__cypress/runner/cypress_runner.js:164690:29)\n    at Context.thenFn (http://localhost:37129/__cypress/runner/cypress_runner.js:136599:23)\n    at Context.then (http://localhost:37129/__cypress/runner/cypress_runner.js:136971:21)\n    at Context.<anonymous> (http://localhost:37129/__cypress/runner/cypress_runner.js:148875:21)\n    at http://localhost:37129/__cypress/runner/cypress_runner.js:148351:33\n    at tryCatcher (http://localhost:37129/__cypress/runner/cypress_runner.js:167415:23)\n    at Promise._settlePromiseFromHandler (http://localhost:37129/__cypress/runner/cypress_runner.js:165351:31)\n    at Promise._settlePromise (http://localhost:37129/__cypress/runner/cypress_runner.js:165408:18)\n    at Promise._settlePromiseCtx (http://localhost:37129/__cypress/runner/cypress_runner.js:165445:10)\n    at Async../node_modules/bluebird/js/release/async.js.Async._drainQueue (http://localhost:37129/__cypress/runner/cypress_runner.js:162145:12)\n    at Async../node_modules/bluebird/js/release/async.js.Async._drainQueues (http://localhost:37129/__cypress/runner/cypress_runner.js:162150:10)\n    at Async.drainQueues (http://localhost:37129/__cypress/runner/cypress_runner.js:162024:14)",
                "diff": ""
              },
              "uuid": "c3d77715-ac85-471a-8464-4fa401202991",
              "parentUUID": "954b7d9e-cd23-461d-a772-5a429a1a9575",
              "isHook": false,
              "skipped": false
            },
            {
              "title": "Verifica se a cor preta ainda está presente e é a primeira na sua paleta de cores",
              "fullTitle": "12 - Crie uma função para gerar as cores aleatoriamente ao carregar a página, com exceção da cor preta Verifica se a cor preta ainda está presente e é a primeira na sua paleta de cores",
              "timedOut": null,
              "duration": 443,
              "state": "failed",
              "speed": null,
              "pass": false,
              "fail": true,
              "pending": false,
              "context": null,
              "code": "cy.get('.color').then(function (colors) {\n  var currentColors;\n  var previousColors;\n  previousColors = Array.from(colors).map(function (color) {\n    return Cypress.$(color).css('background-color');\n  });\n  expect(previousColors[0]).to.eq(BLACK);\n  for (var i = 0; i < 5; i += 1) {\n    cy.reload();\n    cy.get('.color').then(function (colors) {\n      currentColors = Array.from(colors).map(function (color) {\n        return Cypress.$(color).css('background-color');\n      });\n      expect(currentColors[0]).to.eq(BLACK);\n      expect(currentColors).not.to.deep.equal(previousColors);\n      previousColors = currentColors;\n    });\n  }\n});",
              "err": {
                "message": "AssertionError: expected [ Array(4) ] to not deeply equal [ Array(4) ]",
                "estack": "AssertionError: expected [ Array(4) ] to not deeply equal [ Array(4) ]\n    at getRet (http://localhost:37129/__cypress/runner/cypress_runner.js:136585:16)\n    at tryCatcher (http://localhost:37129/__cypress/runner/cypress_runner.js:167415:23)\n    at Function.Promise.attempt.Promise.try (http://localhost:37129/__cypress/runner/cypress_runner.js:164690:29)\n    at Context.thenFn (http://localhost:37129/__cypress/runner/cypress_runner.js:136599:23)\n    at Context.then (http://localhost:37129/__cypress/runner/cypress_runner.js:136971:21)\n    at Context.<anonymous> (http://localhost:37129/__cypress/runner/cypress_runner.js:148875:21)\n    at http://localhost:37129/__cypress/runner/cypress_runner.js:148351:33\n    at tryCatcher (http://localhost:37129/__cypress/runner/cypress_runner.js:167415:23)\n    at Promise._settlePromiseFromHandler (http://localhost:37129/__cypress/runner/cypress_runner.js:165351:31)\n    at Promise._settlePromise (http://localhost:37129/__cypress/runner/cypress_runner.js:165408:18)\n    at Promise._settlePromiseCtx (http://localhost:37129/__cypress/runner/cypress_runner.js:165445:10)\n    at Async../node_modules/bluebird/js/release/async.js.Async._drainQueue (http://localhost:37129/__cypress/runner/cypress_runner.js:162145:12)\n    at Async../node_modules/bluebird/js/release/async.js.Async._drainQueues (http://localhost:37129/__cypress/runner/cypress_runner.js:162150:10)\n    at Async.drainQueues (http://localhost:37129/__cypress/runner/cypress_runner.js:162024:14)",
                "diff": ""
              },
              "uuid": "b2af0b84-8470-4b86-bfea-b397adb3dd5a",
              "parentUUID": "954b7d9e-cd23-461d-a772-5a429a1a9575",
              "isHook": false,
              "skipped": false
            }
          ],
          "suites": [],
          "passes": [],
          "failures": [
            "c3d77715-ac85-471a-8464-4fa401202991",
            "b2af0b84-8470-4b86-bfea-b397adb3dd5a"
          ],
          "pending": [],
          "skipped": [],
          "duration": 936,
          "root": false,
          "rootEmpty": false,
          "_timeout": 2000
        }
      ],
      "passes": [],
      "failures": [],
      "pending": [],
      "skipped": [],
      "duration": 0,
      "root": true,
      "rootEmpty": true,
      "_timeout": 2000
    }
  ],
  "meta": {
    "mocha": {
      "version": "7.0.1"
    },
    "mochawesome": {
      "options": {
        "quiet": false,
        "reportFilename": "mochawesome",
        "saveHtml": false,
        "saveJson": true,
        "consoleReporter": "spec",
        "useInlineDiffs": false
      },
      "version": "4.1.0"
    },
    "marge": {
      "options": {
        "id": "default",
        "reportDir": "cypress/reports",
        "overwrite": true,
        "html": false,
        "json": true
      },
      "version": "4.1.0"
    }
  }
}